# JRE version: OpenJDK Runtime Environment (8.0_152-b01) (build 1.8.0_152-release-915-b01)
# Java VM: OpenJDK 64-Bit Server VM (25.152-b01 mixed mode windows-amd64 compressed oops)
Heap:
 PSYoungGen      total 69120K, used 53603K [0x00000000eab00000, 0x00000000f2a80000, 0x0000000100000000)
  eden space 58880K, 77% used [0x00000000eab00000,0x00000000ed774d40,0x00000000ee480000)
  from space 10240K, 78% used [0x00000000ee480000,0x00000000eec640d8,0x00000000eee80000)
  to   space 10752K, 0% used [0x00000000f2000000,0x00000000f2000000,0x00000000f2a80000)
 ParOldGen       total 45568K, used 6391K [0x00000000c0000000, 0x00000000c2c80000, 0x00000000eab00000)
  object space 45568K, 14% used [0x00000000c0000000,0x00000000c063dec0,0x00000000c2c80000)
 Metaspace       used 31168K, capacity 31754K, committed 32000K, reserved 1077248K
  class space    used 4289K, capacity 4548K, committed 4608K, reserved 1048576K
GC Heap History (10 events):
Event: 4.388 GC heap before
{Heap before GC invocations=4 (full 0):
 PSYoungGen      total 36352K, used 36324K [0x00000000eab00000, 0x00000000ed380000, 0x0000000100000000)
  eden space 31232K, 100% used [0x00000000eab00000,0x00000000ec980000,0x00000000ec980000)
  from space 5120K, 99% used [0x00000000ec980000,0x00000000ece79330,0x00000000ece80000)
  to   space 5120K, 0% used [0x00000000ece80000,0x00000000ece80000,0x00000000ed380000)
 ParOldGen       total 83456K, used 2880K [0x00000000c0000000, 0x00000000c5180000, 0x00000000eab00000)
  object space 83456K, 3% used [0x00000000c0000000,0x00000000c02d0050,0x00000000c5180000)
 Metaspace       used 19161K, capacity 19576K, committed 19840K, reserved 1067008K
  class space    used 2665K, capacity 2843K, committed 2944K, reserved 1048576K
Event: 4.402 GC heap after
Heap after GC invocations=4 (full 0):
 PSYoungGen      total 36352K, used 5104K [0x00000000eab00000, 0x00000000ef200000, 0x0000000100000000)
  eden space 31232K, 0% used [0x00000000eab00000,0x00000000eab00000,0x00000000ec980000)
  from space 5120K, 99% used [0x00000000ece80000,0x00000000ed37c040,0x00000000ed380000)
  to   space 5120K, 0% used [0x00000000ec980000,0x00000000ec980000,0x00000000ece80000)
 ParOldGen       total 83456K, used 6778K [0x00000000c0000000, 0x00000000c5180000, 0x00000000eab00000)
  object space 83456K, 8% used [0x00000000c0000000,0x00000000c069e9c0,0x00000000c5180000)
 Metaspace       used 19161K, capacity 19576K, committed 19840K, reserved 1067008K
  class space    used 2665K, capacity 2843K, committed 2944K, reserved 1048576K
}
Event: 4.485 GC heap before
{Heap before GC invocations=5 (full 0):
 PSYoungGen      total 36352K, used 8263K [0x00000000eab00000, 0x00000000ef200000, 0x0000000100000000)
  eden space 31232K, 10% used [0x00000000eab00000,0x00000000eae15cc0,0x00000000ec980000)
  from space 5120K, 99% used [0x00000000ece80000,0x00000000ed37c040,0x00000000ed380000)
  to   space 5120K, 0% used [0x00000000ec980000,0x00000000ec980000,0x00000000ece80000)
 ParOldGen       total 83456K, used 6778K [0x00000000c0000000, 0x00000000c5180000, 0x00000000eab00000)
  object space 83456K, 8% used [0x00000000c0000000,0x00000000c069e9c0,0x00000000c5180000)
 Metaspace       used 20708K, capacity 21112K, committed 21248K, reserved 1067008K
  class space    used 2863K, capacity 3035K, committed 3072K, reserved 1048576K
Event: 4.515 GC heap after
Heap after GC invocations=5 (full 0):
 PSYoungGen      total 36352K, used 5104K [0x00000000eab00000, 0x00000000efc00000, 0x0000000100000000)
  eden space 31232K, 0% used [0x00000000eab00000,0x00000000eab00000,0x00000000ec980000)
  from space 5120K, 99% used [0x00000000ec980000,0x00000000ece7c020,0x00000000ece80000)
  to   space 10240K, 0% used [0x00000000ef200000,0x00000000ef200000,0x00000000efc00000)
 ParOldGen       total 83456K, used 7358K [0x00000000c0000000, 0x00000000c5180000, 0x00000000eab00000)
  object space 83456K, 8% used [0x00000000c0000000,0x00000000c072fb88,0x00000000c5180000)
 Metaspace       used 20708K, capacity 21112K, committed 21248K, reserved 1067008K
  class space    used 2863K, capacity 3035K, committed 3072K, reserved 1048576K
}
Event: 4.515 GC heap before
{Heap before GC invocations=6 (full 1):
 PSYoungGen      total 36352K, used 5104K [0x00000000eab00000, 0x00000000efc00000, 0x0000000100000000)
  eden space 31232K, 0% used [0x00000000eab00000,0x00000000eab00000,0x00000000ec980000)
  from space 5120K, 99% used [0x00000000ec980000,0x00000000ece7c020,0x00000000ece80000)
  to   space 10240K, 0% used [0x00000000ef200000,0x00000000ef200000,0x00000000efc00000)
 ParOldGen       total 83456K, used 7358K [0x00000000c0000000, 0x00000000c5180000, 0x00000000eab00000)
  object space 83456K, 8% used [0x00000000c0000000,0x00000000c072fb88,0x00000000c5180000)
 Metaspace       used 20708K, capacity 21112K, committed 21248K, reserved 1067008K
  class space    used 2863K, capacity 3035K, committed 3072K, reserved 1048576K
Event: 4.558 GC heap after
Heap after GC invocations=6 (full 1):
 PSYoungGen      total 36352K, used 0K [0x00000000eab00000, 0x00000000efc00000, 0x0000000100000000)
  eden space 31232K, 0% used [0x00000000eab00000,0x00000000eab00000,0x00000000ec980000)
  from space 5120K, 0% used [0x00000000ec980000,0x00000000ec980000,0x00000000ece80000)
  to   space 10240K, 0% used [0x00000000ef200000,0x00000000ef200000,0x00000000efc00000)
 ParOldGen       total 45568K, used 6375K [0x00000000c0000000, 0x00000000c2c80000, 0x00000000eab00000)
  object space 45568K, 13% used [0x00000000c0000000,0x00000000c0639ec0,0x00000000c2c80000)
 Metaspace       used 20708K, capacity 21112K, committed 21248K, reserved 1067008K
  class space    used 2863K, capacity 3035K, committed 3072K, reserved 1048576K
}
Event: 5.041 GC heap before
{Heap before GC invocations=7 (full 1):
 PSYoungGen      total 36352K, used 31232K [0x00000000eab00000, 0x00000000efc00000, 0x0000000100000000)
  eden space 31232K, 100% used [0x00000000eab00000,0x00000000ec980000,0x00000000ec980000)
  from space 5120K, 0% used [0x00000000ec980000,0x00000000ec980000,0x00000000ece80000)
  to   space 10240K, 0% used [0x00000000ef200000,0x00000000ef200000,0x00000000efc00000)
 ParOldGen       total 45568K, used 6375K [0x00000000c0000000, 0x00000000c2c80000, 0x00000000eab00000)
  object space 45568K, 13% used [0x00000000c0000000,0x00000000c0639ec0,0x00000000c2c80000)
 Metaspace       used 23205K, capacity 23610K, committed 23808K, reserved 1069056K
  class space    used 3146K, capacity 3308K, committed 3328K, reserved 1048576K
Event: 5.071 GC heap after
Heap after GC invocations=7 (full 1):
 PSYoungGen      total 65536K, used 3427K [0x00000000eab00000, 0x00000000ef880000, 0x0000000100000000)
  eden space 58880K, 0% used [0x00000000eab00000,0x00000000eab00000,0x00000000ee480000)
  from space 6656K, 51% used [0x00000000ef200000,0x00000000ef558cf8,0x00000000ef880000)
  to   space 10240K, 0% used [0x00000000ee480000,0x00000000ee480000,0x00000000eee80000)
 ParOldGen       total 45568K, used 6383K [0x00000000c0000000, 0x00000000c2c80000, 0x00000000eab00000)
  object space 45568K, 14% used [0x00000000c0000000,0x00000000c063bec0,0x00000000c2c80000)
 Metaspace       used 23205K, capacity 23610K, committed 23808K, reserved 1069056K
  class space    used 3146K, capacity 3308K, committed 3328K, reserved 1048576K
}
Event: 6.598 GC heap before
{Heap before GC invocations=8 (full 1):
 PSYoungGen      total 65536K, used 62307K [0x00000000eab00000, 0x00000000ef880000, 0x0000000100000000)
  eden space 58880K, 100% used [0x00000000eab00000,0x00000000ee480000,0x00000000ee480000)
  from space 6656K, 51% used [0x00000000ef200000,0x00000000ef558cf8,0x00000000ef880000)
  to   space 10240K, 0% used [0x00000000ee480000,0x00000000ee480000,0x00000000eee80000)
 ParOldGen       total 45568K, used 6383K [0x00000000c0000000, 0x00000000c2c80000, 0x00000000eab00000)
  object space 45568K, 14% used [0x00000000c0000000,0x00000000c063bec0,0x00000000c2c80000)
 Metaspace       used 27847K, capacity 28384K, committed 28672K, reserved 1073152K
  class space    used 3830K, capacity 4043K, committed 4096K, reserved 1048576K
Event: 6.611 GC heap after
Heap after GC invocations=8 (full 1):
 PSYoungGen      total 69120K, used 8080K [0x00000000eab00000, 0x00000000f2a80000, 0x0000000100000000)
  eden space 58880K, 0% used [0x00000000eab00000,0x00000000eab00000,0x00000000ee480000)
  from space 10240K, 78% used [0x00000000ee480000,0x00000000eec640d8,0x00000000eee80000)
  to   space 10752K, 0% used [0x00000000f2000000,0x00000000f2000000,0x00000000f2a80000)
 ParOldGen       total 45568K, used 6391K [0x00000000c0000000, 0x00000000c2c80000, 0x00000000eab00000)
  object space 45568K, 14% used [0x00000000c0000000,0x00000000c063dec0,0x00000000c2c80000)
 Metaspace       used 27847K, capacity 28384K, committed 28672K, reserved 1073152K
  class space    used 3830K, capacity 4043K, committed 4096K, reserved 1048576K
}

