# JRE version: OpenJDK Runtime Environment (8.0_112-b06) (build 1.8.0_112-release-b06)
# Java VM: OpenJDK 64-Bit Server VM (25.112-b06 mixed mode windows-amd64 compressed oops)
Heap:
 PSYoungGen      total 163328K, used 7059K [0x00000000eab00000, 0x00000000f8d80000, 0x0000000100000000)
  eden space 139776K, 5% used [0x00000000eab00000,0x00000000eb1e4fa8,0x00000000f3380000)
  from space 23552K, 0% used [0x00000000f3380000,0x00000000f3380000,0x00000000f4a80000)
  to   space 26624K, 0% used [0x00000000f7380000,0x00000000f7380000,0x00000000f8d80000)
 ParOldGen       total 145920K, used 45600K [0x00000000c0000000, 0x00000000c8e80000, 0x00000000eab00000)
  object space 145920K, 31% used [0x00000000c0000000,0x00000000c2c88100,0x00000000c8e80000)
 Metaspace       used 56858K, capacity 59268K, committed 59480K, reserved 1099776K
  class space    used 7685K, capacity 8236K, committed 8320K, reserved 1048576K
GC Heap History (10 events):
Event: 39.780 GC heap before
{Heap before GC invocations=16 (full 2):
 PSYoungGen      total 83968K, used 81811K [0x00000000eab00000, 0x00000000f2880000, 0x0000000100000000)
  eden space 71680K, 100% used [0x00000000eab00000,0x00000000ef100000,0x00000000ef100000)
  from space 12288K, 82% used [0x00000000ef100000,0x00000000efae4c80,0x00000000efd00000)
  to   space 12800K, 0% used [0x00000000f1c00000,0x00000000f1c00000,0x00000000f2880000)
 ParOldGen       total 96768K, used 15683K [0x00000000c0000000, 0x00000000c5e80000, 0x00000000eab00000)
  object space 96768K, 16% used [0x00000000c0000000,0x00000000c0f50ec8,0x00000000c5e80000)
 Metaspace       used 45101K, capacity 46272K, committed 46336K, reserved 1089536K
  class space    used 6001K, capacity 6349K, committed 6400K, reserved 1048576K
Event: 39.805 GC heap after
Heap after GC invocations=16 (full 2):
 PSYoungGen      total 114688K, used 11662K [0x00000000eab00000, 0x00000000f2a00000, 0x0000000100000000)
  eden space 101888K, 0% used [0x00000000eab00000,0x00000000eab00000,0x00000000f0e80000)
  from space 12800K, 91% used [0x00000000f1c00000,0x00000000f2763b28,0x00000000f2880000)
  to   space 13824K, 0% used [0x00000000f0e80000,0x00000000f0e80000,0x00000000f1c00000)
 ParOldGen       total 96768K, used 15691K [0x00000000c0000000, 0x00000000c5e80000, 0x00000000eab00000)
  object space 96768K, 16% used [0x00000000c0000000,0x00000000c0f52ec8,0x00000000c5e80000)
 Metaspace       used 45101K, capacity 46272K, committed 46336K, reserved 1089536K
  class space    used 6001K, capacity 6349K, committed 6400K, reserved 1048576K
}
Event: 42.421 GC heap before
{Heap before GC invocations=17 (full 2):
 PSYoungGen      total 114688K, used 113550K [0x00000000eab00000, 0x00000000f2a00000, 0x0000000100000000)
  eden space 101888K, 100% used [0x00000000eab00000,0x00000000f0e80000,0x00000000f0e80000)
  from space 12800K, 91% used [0x00000000f1c00000,0x00000000f2763b28,0x00000000f2880000)
  to   space 13824K, 0% used [0x00000000f0e80000,0x00000000f0e80000,0x00000000f1c00000)
 ParOldGen       total 96768K, used 15691K [0x00000000c0000000, 0x00000000c5e80000, 0x00000000eab00000)
  object space 96768K, 16% used [0x00000000c0000000,0x00000000c0f52ec8,0x00000000c5e80000)
 Metaspace       used 49702K, capacity 51212K, committed 51456K, reserved 1093632K
  class space    used 6767K, capacity 7149K, committed 7168K, reserved 1048576K
Event: 42.454 GC heap after
Heap after GC invocations=17 (full 2):
 PSYoungGen      total 115712K, used 13792K [0x00000000eab00000, 0x00000000f5c00000, 0x0000000100000000)
  eden space 101888K, 0% used [0x00000000eab00000,0x00000000eab00000,0x00000000f0e80000)
  from space 13824K, 99% used [0x00000000f0e80000,0x00000000f1bf81f8,0x00000000f1c00000)
  to   space 17920K, 0% used [0x00000000f4a80000,0x00000000f4a80000,0x00000000f5c00000)
 ParOldGen       total 96768K, used 21894K [0x00000000c0000000, 0x00000000c5e80000, 0x00000000eab00000)
  object space 96768K, 22% used [0x00000000c0000000,0x00000000c15618c0,0x00000000c5e80000)
 Metaspace       used 49702K, capacity 51212K, committed 51456K, reserved 1093632K
  class space    used 6767K, capacity 7149K, committed 7168K, reserved 1048576K
}
Event: 44.467 GC heap before
{Heap before GC invocations=18 (full 2):
 PSYoungGen      total 115712K, used 115680K [0x00000000eab00000, 0x00000000f5c00000, 0x0000000100000000)
  eden space 101888K, 100% used [0x00000000eab00000,0x00000000f0e80000,0x00000000f0e80000)
  from space 13824K, 99% used [0x00000000f0e80000,0x00000000f1bf81f8,0x00000000f1c00000)
  to   space 17920K, 0% used [0x00000000f4a80000,0x00000000f4a80000,0x00000000f5c00000)
 ParOldGen       total 96768K, used 21894K [0x00000000c0000000, 0x00000000c5e80000, 0x00000000eab00000)
  object space 96768K, 22% used [0x00000000c0000000,0x00000000c15618c0,0x00000000c5e80000)
 Metaspace       used 54468K, capacity 56702K, committed 56960K, reserved 1097728K
  class space    used 7408K, capacity 7945K, committed 8064K, reserved 1048576K
Event: 44.514 GC heap after
Heap after GC invocations=18 (full 2):
 PSYoungGen      total 157696K, used 17904K [0x00000000eab00000, 0x00000000f6900000, 0x0000000100000000)
  eden space 139776K, 0% used [0x00000000eab00000,0x00000000eab00000,0x00000000f3380000)
  from space 17920K, 99% used [0x00000000f4a80000,0x00000000f5bfc228,0x00000000f5c00000)
  to   space 23552K, 0% used [0x00000000f3380000,0x00000000f3380000,0x00000000f4a80000)
 ParOldGen       total 96768K, used 30931K [0x00000000c0000000, 0x00000000c5e80000, 0x00000000eab00000)
  object space 96768K, 31% used [0x00000000c0000000,0x00000000c1e34ef8,0x00000000c5e80000)
 Metaspace       used 54468K, capacity 56702K, committed 56960K, reserved 1097728K
  class space    used 7408K, capacity 7945K, committed 8064K, reserved 1048576K
}
Event: 64.148 GC heap before
{Heap before GC invocations=19 (full 2):
 PSYoungGen      total 157696K, used 131534K [0x00000000eab00000, 0x00000000f6900000, 0x0000000100000000)
  eden space 139776K, 81% used [0x00000000eab00000,0x00000000f19f7678,0x00000000f3380000)
  from space 17920K, 99% used [0x00000000f4a80000,0x00000000f5bfc228,0x00000000f5c00000)
  to   space 23552K, 0% used [0x00000000f3380000,0x00000000f3380000,0x00000000f4a80000)
 ParOldGen       total 96768K, used 30931K [0x00000000c0000000, 0x00000000c5e80000, 0x00000000eab00000)
  object space 96768K, 31% used [0x00000000c0000000,0x00000000c1e34ef8,0x00000000c5e80000)
 Metaspace       used 56541K, capacity 58984K, committed 59096K, reserved 1099776K
  class space    used 7630K, capacity 8164K, committed 8192K, reserved 1048576K
Event: 64.179 GC heap after
Heap after GC invocations=19 (full 2):
 PSYoungGen      total 163328K, used 23161K [0x00000000eab00000, 0x00000000f8d80000, 0x0000000100000000)
  eden space 139776K, 0% used [0x00000000eab00000,0x00000000eab00000,0x00000000f3380000)
  from space 23552K, 98% used [0x00000000f3380000,0x00000000f4a1e470,0x00000000f4a80000)
  to   space 26624K, 0% used [0x00000000f7380000,0x00000000f7380000,0x00000000f8d80000)
 ParOldGen       total 96768K, used 33420K [0x00000000c0000000, 0x00000000c5e80000, 0x00000000eab00000)
  object space 96768K, 34% used [0x00000000c0000000,0x00000000c20a30e0,0x00000000c5e80000)
 Metaspace       used 56541K, capacity 58984K, committed 59096K, reserved 1099776K
  class space    used 7630K, capacity 8164K, committed 8192K, reserved 1048576K
}
Event: 64.179 GC heap before
{Heap before GC invocations=20 (full 3):
 PSYoungGen      total 163328K, used 23161K [0x00000000eab00000, 0x00000000f8d80000, 0x0000000100000000)
  eden space 139776K, 0% used [0x00000000eab00000,0x00000000eab00000,0x00000000f3380000)
  from space 23552K, 98% used [0x00000000f3380000,0x00000000f4a1e470,0x00000000f4a80000)
  to   space 26624K, 0% used [0x00000000f7380000,0x00000000f7380000,0x00000000f8d80000)
 ParOldGen       total 96768K, used 33420K [0x00000000c0000000, 0x00000000c5e80000, 0x00000000eab00000)
  object space 96768K, 34% used [0x00000000c0000000,0x00000000c20a30e0,0x00000000c5e80000)
 Metaspace       used 56541K, capacity 58984K, committed 59096K, reserved 1099776K
  class space    used 7630K, capacity 8164K, committed 8192K, reserved 1048576K
Event: 64.446 GC heap after
Heap after GC invocations=20 (full 3):
 PSYoungGen      total 163328K, used 0K [0x00000000eab00000, 0x00000000f8d80000, 0x0000000100000000)
  eden space 139776K, 0% used [0x00000000eab00000,0x00000000eab00000,0x00000000f3380000)
  from space 23552K, 0% used [0x00000000f3380000,0x00000000f3380000,0x00000000f4a80000)
  to   space 26624K, 0% used [0x00000000f7380000,0x00000000f7380000,0x00000000f8d80000)
 ParOldGen       total 145920K, used 45600K [0x00000000c0000000, 0x00000000c8e80000, 0x00000000eab00000)
  object space 145920K, 31% used [0x00000000c0000000,0x00000000c2c88100,0x00000000c8e80000)
 Metaspace       used 56541K, capacity 58984K, committed 59096K, reserved 1099776K
  class space    used 7630K, capacity 8164K, committed 8192K, reserved 1048576K
}

